<?xml version="1.0" encoding="UTF-8"?>
<!-- Generated by org.testng.reporters.JUnitReportReporter -->
<testsuite hostname="DESKTOP-J9JHODC" failures="0" tests="2" name="com.ProjTFive.testCases.LoginTest" time="19.964" errors="0" timestamp="2024-12-11T09:52:11 EST" skipped="0">
  <testcase classname="com.ProjTFive.testCases.LoginTest" name="validateValidLogin" time="11.102"/>
  <testcase classname="com.ProjTFive.testCases.LoginTest" name="validateInvalidCreds" time="8.862"/>
</testsuite> <!-- com.ProjTFive.testCases.LoginTest -->
