<?xml version="1.0" encoding="UTF-8"?>
<!-- Generated by org.testng.reporters.JUnitReportReporter -->
<testsuite hostname="DESKTOP-J9JHODC" failures="0" tests="1" name="com.ProjTFive.testCases.SearchTest" time="9.605" errors="0" timestamp="2024-12-26T15:35:12 EST" skipped="0">
  <testcase classname="com.ProjTFive.testCases.SearchTest" name="searchHonda" time="9.605"/>
</testsuite> <!-- com.ProjTFive.testCases.SearchTest -->
