<?xml version="1.0" encoding="UTF-8"?>
<!-- Generated by org.testng.reporters.JUnitReportReporter -->
<testsuite hostname="DESKTOP-J9JHODC" failures="0" tests="1" name="com.ProjTFive.testCases.LoginTest" time="8.405" errors="0" timestamp="2024-12-19T12:33:30 EST" skipped="0">
  <testcase classname="com.ProjTFive.testCases.LoginTest" name="validateInvalidCreds" time="8.405"/>
</testsuite> <!-- com.ProjTFive.testCases.LoginTest -->
