<?xml version="1.0" encoding="UTF-8"?>
<!-- Generated by org.testng.reporters.JUnitReportReporter -->
<testsuite hostname="DESKTOP-J9JHODC" failures="0" tests="1" name="com.ProjTFive.testCases.SearchTest" time="11.473" errors="0" timestamp="2025-02-25T12:41:39 EST" skipped="0">
  <testcase classname="com.ProjTFive.testCases.SearchTest" name="searchHonda" time="11.473"/>
</testsuite> <!-- com.ProjTFive.testCases.SearchTest -->
