<?xml version="1.0" encoding="UTF-8"?>
<!-- Generated by org.testng.reporters.JUnitReportReporter -->
<testsuite hostname="DESKTOP-J9JHODC" failures="0" tests="1" name="com.ProjTFive.testCases.LoginTest" time="13.818" errors="0" timestamp="2025-01-28T09:33:44 EST" skipped="0">
  <testcase classname="com.ProjTFive.testCases.LoginTest" name="validateValidLogin" time="13.818"/>
</testsuite> <!-- com.ProjTFive.testCases.LoginTest -->
