<?xml version="1.0" encoding="UTF-8"?>
<!-- Generated by org.testng.reporters.JUnitReportReporter -->
<testsuite hostname="DESKTOP-J9JHODC" failures="0" tests="1" name="com.ProjTFive.testCases.ShowAllTest" time="8.085" errors="0" timestamp="2025-02-25T13:11:27 EST" skipped="0">
  <testcase classname="com.ProjTFive.testCases.ShowAllTest" name="searchshowAllDesktops" time="8.085"/>
</testsuite> <!-- com.ProjTFive.testCases.ShowAllTest -->
